[INFO ] 2017-05-19 11:40:05,710(0) > [main] cc.toprank.byd.infrastructure.support.tool.codegen.conf.FreeMarkerEnvConfig.init(FreeMarkerEnvConfig.java:85): 开始初始化环境  
[INFO ] 2017-05-19 11:40:05,719(9) > [main] cc.toprank.byd.infrastructure.support.tool.codegen.conf.FreeMarkerEnvConfig.init(FreeMarkerEnvConfig.java:103): 环境初始化结束  
[INFO ] 2017-05-19 11:40:32,862(0) > [main] cc.toprank.byd.infrastructure.support.tool.codegen.conf.FreeMarkerEnvConfig.init(FreeMarkerEnvConfig.java:85): 开始初始化环境  
[INFO ] 2017-05-19 11:40:32,875(13) > [main] cc.toprank.byd.infrastructure.support.tool.codegen.conf.FreeMarkerEnvConfig.init(FreeMarkerEnvConfig.java:103): 环境初始化结束  
[INFO ] 2017-05-19 11:40:33,900(1038) > [main] cc.toprank.byd.infrastructure.support.tool.codegen.core.AbsGenerator.build(AbsGenerator.java:47): 开始生成 B_MerchantTagMappingEntityBase.java  
[INFO ] 2017-05-19 11:40:34,378(1516) > [main] cc.toprank.byd.infrastructure.support.tool.codegen.core.AbsGenerator.build(AbsGenerator.java:77): B_MerchantTagMappingEntityBase.java 生成完成  
[INFO ] 2017-05-19 11:40:34,475(1613) > [main] cc.toprank.byd.infrastructure.support.tool.codegen.core.AbsGenerator.build(AbsGenerator.java:47): 开始生成 B_MerchantTagMappingEntity.java  
[INFO ] 2017-05-19 11:40:34,535(1673) > [main] cc.toprank.byd.infrastructure.support.tool.codegen.core.AbsGenerator.build(AbsGenerator.java:77): B_MerchantTagMappingEntity.java 生成完成  
[INFO ] 2017-05-19 11:40:34,640(1778) > [main] cc.toprank.byd.infrastructure.support.tool.codegen.core.AbsGenerator.build(AbsGenerator.java:47): 开始生成 B_MerchantTagInfoEntityBase.java  
[INFO ] 2017-05-19 11:40:34,657(1795) > [main] cc.toprank.byd.infrastructure.support.tool.codegen.core.AbsGenerator.build(AbsGenerator.java:77): B_MerchantTagInfoEntityBase.java 生成完成  
[INFO ] 2017-05-19 11:40:34,760(1898) > [main] cc.toprank.byd.infrastructure.support.tool.codegen.core.AbsGenerator.build(AbsGenerator.java:47): 开始生成 B_MerchantTagInfoEntity.java  
[INFO ] 2017-05-19 11:40:34,810(1948) > [main] cc.toprank.byd.infrastructure.support.tool.codegen.core.AbsGenerator.build(AbsGenerator.java:77): B_MerchantTagInfoEntity.java 生成完成  
[INFO ] 2017-05-19 15:51:01,318(0) > [main] cc.toprank.byd.infrastructure.support.tool.codegen.conf.FreeMarkerEnvConfig.init(FreeMarkerEnvConfig.java:85): 开始初始化环境  
[INFO ] 2017-05-19 15:51:01,464(146) > [main] cc.toprank.byd.infrastructure.support.tool.codegen.conf.FreeMarkerEnvConfig.init(FreeMarkerEnvConfig.java:103): 环境初始化结束  
[INFO ] 2017-05-19 15:51:04,288(2970) > [main] cc.toprank.byd.infrastructure.support.tool.codegen.core.AbsGenerator.build(AbsGenerator.java:47): 开始生成 B_MerchantTagMappingEntityBase.java  
[ERROR] 2017-05-19 15:51:04,534(3216) > [main] cc.toprank.byd.infrastructure.support.tool.codegen.core.AbsGenerator.build(AbsGenerator.java:80): java.io.FileNotFoundException: E:\work-idea\toprank-pad-web\src\main\java\cc\toprank\byd\entity\B_MerchantTagMappingEntityBase.java (拒绝访问。)  
[INFO ] 2017-05-19 15:51:05,899(4581) > [main] cc.toprank.byd.infrastructure.support.tool.codegen.core.AbsGenerator.build(AbsGenerator.java:47): 开始生成 B_MerchantTagMappingEntity.java  
[ERROR] 2017-05-19 15:51:05,906(4588) > [main] cc.toprank.byd.infrastructure.support.tool.codegen.core.AbsGenerator.build(AbsGenerator.java:80): java.io.FileNotFoundException: E:\work-idea\toprank-pad-web\src\main\java\cc\toprank\byd\entity\B_MerchantTagMappingEntity.java (拒绝访问。)  
[INFO ] 2017-05-19 15:51:06,734(5416) > [main] cc.toprank.byd.infrastructure.support.tool.codegen.core.AbsGenerator.build(AbsGenerator.java:47): 开始生成 B_MerchantTagInfoEntityBase.java  
[ERROR] 2017-05-19 15:51:06,735(5417) > [main] cc.toprank.byd.infrastructure.support.tool.codegen.core.AbsGenerator.build(AbsGenerator.java:80): java.io.FileNotFoundException: E:\work-idea\toprank-pad-web\src\main\java\cc\toprank\byd\entity\B_MerchantTagInfoEntityBase.java (拒绝访问。)  
[INFO ] 2017-05-19 15:51:07,994(6676) > [main] cc.toprank.byd.infrastructure.support.tool.codegen.core.AbsGenerator.build(AbsGenerator.java:47): 开始生成 B_MerchantTagInfoEntity.java  
[ERROR] 2017-05-19 15:51:07,995(6677) > [main] cc.toprank.byd.infrastructure.support.tool.codegen.core.AbsGenerator.build(AbsGenerator.java:80): java.io.FileNotFoundException: E:\work-idea\toprank-pad-web\src\main\java\cc\toprank\byd\entity\B_MerchantTagInfoEntity.java (拒绝访问。)  
[INFO ] 2017-05-23 14:20:59,467(0) > [main] cc.toprank.byd.infrastructure.support.tool.codegen.conf.FreeMarkerEnvConfig.init(FreeMarkerEnvConfig.java:85): 开始初始化环境  
[INFO ] 2017-05-23 14:20:59,494(27) > [main] cc.toprank.byd.infrastructure.support.tool.codegen.conf.FreeMarkerEnvConfig.init(FreeMarkerEnvConfig.java:103): 环境初始化结束  
[ERROR] 2017-05-23 14:21:00,312(845) > [main] cc.toprank.byd.infrastructure.support.tool.codegen.dao.MysqlMetaDataDao.queryDictionaryByCatalogCode(MysqlMetaDataDao.java:236): queryDictionaryByCatalog error.catalogCode:OrderManager  
java.lang.NullPointerException
	at cc.toprank.byd.infrastructure.support.tool.codegen.dao.MysqlMetaDataDao.queryDictionaryByCatalogCode(MysqlMetaDataDao.java:216)
	at cc.toprank.byd.infrastructure.support.tool.codegen.core.ToprankBuild.buildDictionary(ToprankBuild.java:265)
	at cc.toprank.byd.generator.Build.main(Build.java:21)
	at sun.reflect.NativeMethodAccessorImpl.invoke0(Native Method)
	at sun.reflect.NativeMethodAccessorImpl.invoke(NativeMethodAccessorImpl.java:62)
	at sun.reflect.DelegatingMethodAccessorImpl.invoke(DelegatingMethodAccessorImpl.java:43)
	at java.lang.reflect.Method.invoke(Method.java:498)
	at com.intellij.rt.execution.application.AppMain.main(AppMain.java:147)
[INFO ] 2017-05-23 14:21:44,060(0) > [main] cc.toprank.byd.infrastructure.support.tool.codegen.conf.FreeMarkerEnvConfig.init(FreeMarkerEnvConfig.java:85): 开始初始化环境  
[INFO ] 2017-05-23 14:21:44,080(20) > [main] cc.toprank.byd.infrastructure.support.tool.codegen.conf.FreeMarkerEnvConfig.init(FreeMarkerEnvConfig.java:103): 环境初始化结束  
[INFO ] 2017-05-23 14:23:28,236(0) > [main] cc.toprank.byd.infrastructure.support.tool.codegen.conf.FreeMarkerEnvConfig.init(FreeMarkerEnvConfig.java:85): 开始初始化环境  
[INFO ] 2017-05-23 14:23:28,246(10) > [main] cc.toprank.byd.infrastructure.support.tool.codegen.conf.FreeMarkerEnvConfig.init(FreeMarkerEnvConfig.java:103): 环境初始化结束  
[INFO ] 2017-05-23 15:03:31,576(0) > [main] cc.toprank.byd.infrastructure.support.tool.codegen.conf.FreeMarkerEnvConfig.init(FreeMarkerEnvConfig.java:85): 开始初始化环境  
[INFO ] 2017-05-23 15:03:31,598(22) > [main] cc.toprank.byd.infrastructure.support.tool.codegen.conf.FreeMarkerEnvConfig.init(FreeMarkerEnvConfig.java:103): 环境初始化结束  
[INFO ] 2017-06-13 18:58:18,361(0) > [main] cc.toprank.byd.infrastructure.support.tool.codegen.conf.FreeMarkerEnvConfig.init(FreeMarkerEnvConfig.java:85): 开始初始化环境  
[INFO ] 2017-06-13 18:58:18,389(28) > [main] cc.toprank.byd.infrastructure.support.tool.codegen.conf.FreeMarkerEnvConfig.init(FreeMarkerEnvConfig.java:103): 环境初始化结束  
[ERROR] 2017-06-13 18:58:20,101(1740) > [main] cc.toprank.byd.infrastructure.support.tool.codegen.dao.MysqlMetaDataDao.getColumnsForTablesName(MysqlMetaDataDao.java:109): 【O_OrderDetailValueMapping】表的【synctime】字段，在appColumns表中没有注册  
[ERROR] 2017-06-13 18:58:20,102(1741) > [main] cc.toprank.byd.infrastructure.support.tool.codegen.dao.MysqlMetaDataDao.getColumnsForTablesName(MysqlMetaDataDao.java:109): 【O_OrderDetailValueMapping】表的【synctimeresult】字段，在appColumns表中没有注册  
[INFO ] 2017-06-13 18:58:20,164(1803) > [main] cc.toprank.byd.infrastructure.support.tool.codegen.core.AbsGenerator.build(AbsGenerator.java:47): 开始生成 O_OrderDetailValueMappingEntityBase.java  
[INFO ] 2017-06-13 18:58:20,417(2056) > [main] cc.toprank.byd.infrastructure.support.tool.codegen.core.AbsGenerator.build(AbsGenerator.java:77): O_OrderDetailValueMappingEntityBase.java 生成完成  
[INFO ] 2017-06-13 18:59:56,177(0) > [main] cc.toprank.byd.infrastructure.support.tool.codegen.conf.FreeMarkerEnvConfig.init(FreeMarkerEnvConfig.java:85): 开始初始化环境  
[INFO ] 2017-06-13 18:59:56,190(13) > [main] cc.toprank.byd.infrastructure.support.tool.codegen.conf.FreeMarkerEnvConfig.init(FreeMarkerEnvConfig.java:103): 环境初始化结束  
[ERROR] 2017-06-13 18:59:57,256(1079) > [main] cc.toprank.byd.infrastructure.support.tool.codegen.dao.MysqlMetaDataDao.getColumnsForTablesName(MysqlMetaDataDao.java:109): 【O_ComboDetailValueMapping】表的【synctime】字段，在appColumns表中没有注册  
[ERROR] 2017-06-13 18:59:57,257(1080) > [main] cc.toprank.byd.infrastructure.support.tool.codegen.dao.MysqlMetaDataDao.getColumnsForTablesName(MysqlMetaDataDao.java:109): 【O_ComboDetailValueMapping】表的【synctimeresult】字段，在appColumns表中没有注册  
[INFO ] 2017-06-13 18:59:57,344(1167) > [main] cc.toprank.byd.infrastructure.support.tool.codegen.core.AbsGenerator.build(AbsGenerator.java:47): 开始生成 O_ComboDetailValueMappingEntityBase.java  
[INFO ] 2017-06-13 18:59:57,905(1728) > [main] cc.toprank.byd.infrastructure.support.tool.codegen.core.AbsGenerator.build(AbsGenerator.java:77): O_ComboDetailValueMappingEntityBase.java 生成完成  
